Added Component: Designator=C1_A?(C3MM)
Added Component: Designator=C1_A?(C3MM)
Added Component: Designator=C?(RADIAL C)
Added Component: Designator=C?(RADIAL C)
Added Component: Designator=JDC(DC-IN)
Added Component: Designator=P1(HDR1X17)
Added Component: Designator=P2(HDR1X17)
Added Component: Designator=P3(HDR1X17)
Added Component: Designator=P4(HDR1X17)
Added Component: Designator=U?(TO-220)
Added Pin To Net: NetName=NetP1_1 Pin=P1-1
Added Pin To Net: NetName=NetP1_1 Pin=P2-1
Added Pin To Net: NetName=NetP1_1 Pin=P3-1
Added Pin To Net: NetName=NetP1_1 Pin=P4-1
Added Net: Name=NetP1_1
Added Pin To Net: NetName=NetP1_2 Pin=P1-2
Added Pin To Net: NetName=NetP1_2 Pin=P2-2
Added Net: Name=NetP1_2
Added Pin To Net: NetName=NetP1_3 Pin=P1-3
Added Pin To Net: NetName=NetP1_3 Pin=P2-3
Added Net: Name=NetP1_3
Added Pin To Net: NetName=NetP1_4 Pin=P1-4
Added Pin To Net: NetName=NetP1_4 Pin=P2-4
Added Net: Name=NetP1_4
Added Pin To Net: NetName=NetP1_5 Pin=P1-5
Added Pin To Net: NetName=NetP1_5 Pin=P2-5
Added Net: Name=NetP1_5
Added Pin To Net: NetName=NetP1_6 Pin=P1-6
Added Pin To Net: NetName=NetP1_6 Pin=P2-6
Added Net: Name=NetP1_6
Added Pin To Net: NetName=NetP1_7 Pin=P1-7
Added Pin To Net: NetName=NetP1_7 Pin=P2-7
Added Net: Name=NetP1_7
Added Pin To Net: NetName=NetP1_8 Pin=P1-8
Added Pin To Net: NetName=NetP1_8 Pin=P2-8
Added Net: Name=NetP1_8
Added Pin To Net: NetName=NetP1_9 Pin=P1-9
Added Pin To Net: NetName=NetP1_9 Pin=P2-9
Added Net: Name=NetP1_9
Added Pin To Net: NetName=NetP1_10 Pin=P1-10
Added Pin To Net: NetName=NetP1_10 Pin=P2-10
Added Net: Name=NetP1_10
Added Pin To Net: NetName=NetP1_11 Pin=P1-11
Added Pin To Net: NetName=NetP1_11 Pin=P2-11
Added Net: Name=NetP1_11
Added Pin To Net: NetName=NetP1_12 Pin=P1-12
Added Pin To Net: NetName=NetP1_12 Pin=P2-12
Added Net: Name=NetP1_12
Added Pin To Net: NetName=NetP1_13 Pin=P1-13
Added Pin To Net: NetName=NetP1_13 Pin=P2-13
Added Net: Name=NetP1_13
Added Pin To Net: NetName=NetP1_14 Pin=P1-14
Added Pin To Net: NetName=NetP1_14 Pin=P2-14
Added Net: Name=NetP1_14
Added Pin To Net: NetName=NetP1_15 Pin=P1-15
Added Pin To Net: NetName=NetP1_15 Pin=P2-15
Added Net: Name=NetP1_15
Added Pin To Net: NetName=NetP1_16 Pin=P1-16
Added Pin To Net: NetName=NetP1_16 Pin=P2-16
Added Net: Name=NetP1_16
Added Pin To Net: NetName=NetP1_17 Pin=P1-17
Added Pin To Net: NetName=NetP1_17 Pin=P2-17
Added Net: Name=NetP1_17
Added Pin To Net: NetName=NetP3_2 Pin=P3-2
Added Pin To Net: NetName=NetP3_2 Pin=P4-2
Added Net: Name=NetP3_2
Added Pin To Net: NetName=NetP3_3 Pin=P3-3
Added Pin To Net: NetName=NetP3_3 Pin=P4-3
Added Net: Name=NetP3_3
Added Pin To Net: NetName=NetP3_4 Pin=P3-4
Added Pin To Net: NetName=NetP3_4 Pin=P4-4
Added Net: Name=NetP3_4
Added Pin To Net: NetName=NetP3_5 Pin=P3-5
Added Pin To Net: NetName=NetP3_5 Pin=P4-5
Added Net: Name=NetP3_5
Added Pin To Net: NetName=NetP3_6 Pin=P3-6
Added Pin To Net: NetName=NetP3_6 Pin=P4-6
Added Net: Name=NetP3_6
Added Pin To Net: NetName=NetP3_7 Pin=P3-7
Added Pin To Net: NetName=NetP3_7 Pin=P4-7
Added Net: Name=NetP3_7
Added Pin To Net: NetName=NetP3_8 Pin=P3-8
Added Pin To Net: NetName=NetP3_8 Pin=P4-8
Added Net: Name=NetP3_8
Added Pin To Net: NetName=NetP3_9 Pin=P3-9
Added Pin To Net: NetName=NetP3_9 Pin=P4-9
Added Net: Name=NetP3_9
Added Pin To Net: NetName=NetP3_10 Pin=P3-10
Added Pin To Net: NetName=NetP3_10 Pin=P4-10
Added Net: Name=NetP3_10
Added Pin To Net: NetName=NetP3_11 Pin=P3-11
Added Pin To Net: NetName=NetP3_11 Pin=P4-11
Added Net: Name=NetP3_11
Added Pin To Net: NetName=NetP3_12 Pin=P3-12
Added Pin To Net: NetName=NetP3_12 Pin=P4-12
Added Net: Name=NetP3_12
Added Pin To Net: NetName=NetP3_13 Pin=P3-13
Added Pin To Net: NetName=NetP3_13 Pin=P4-13
Added Net: Name=NetP3_13
Added Pin To Net: NetName=NetP3_14 Pin=P3-14
Added Pin To Net: NetName=NetP3_14 Pin=P4-14
Added Net: Name=NetP3_14
Added Pin To Net: NetName=NetP3_15 Pin=P3-15
Added Pin To Net: NetName=NetP3_15 Pin=P4-15
Added Net: Name=NetP3_15
Added Pin To Net: NetName=NetP3_16 Pin=P3-16
Added Pin To Net: NetName=NetP3_16 Pin=P4-16
Added Net: Name=NetP3_16
Added Pin To Net: NetName=NetP3_17 Pin=P3-17
Added Pin To Net: NetName=NetP3_17 Pin=P4-17
Added Net: Name=NetP3_17
Added Class: Name=Schematic
Added Room: Name=Schematic
