Removed Pin From Net: NetName=NetP3_13 Pin=RFID1-1
Removed Pin From Net: NetName=NetP3_12 Pin=RFID1-2
Removed Pin From Net: NetName=NetP3_11 Pin=RFID1-3
Removed Pin From Net: NetName=NetP3_10 Pin=RFID1-4
Removed Pin From Net: NetName=NetP2_2 Pin=RFID2-1
Removed Pin From Net: NetName=NetP3_5 Pin=RFID2-2
Removed Pin From Net: NetName=GND Pin=RFID2-3
Removed Pin From Net: NetName=NetP2_15 Pin=RFID3-1
Removed Pin From Net: NetName=NetP2_14 Pin=RFID3-2
Removed Pin From Net: NetName=NetP2_16 Pin=RFID3-3
Removed Pin From Net: NetName=NetP2_17 Pin=RFID3-4
Removed Pin From Net: NetName=NetP2_2 Pin=RFID4-1
Removed Pin From Net: NetName=NetP3_5 Pin=RFID4-2
Removed Pin From Net: NetName=GND Pin=RFID4-3
Removed Pin From Net: NetName=GND Pin=SERVO1-1
Removed Pin From Net: NetName=5V Pin=SERVO1-2
Removed Pin From Net: NetName=NetP3_6 Pin=SERVO1-3
Removed Pin From Net: NetName=GND Pin=SERVO2-1
Removed Pin From Net: NetName=5V Pin=SERVO2-2
Removed Pin From Net: NetName=NetP2_13 Pin=SERVO2-3
Removed Member From Class: ClassName=Schematic Member=RFID1
Removed Member From Class: ClassName=Schematic Member=RFID2
Removed Member From Class: ClassName=Schematic Member=RFID3
Removed Member From Class: ClassName=Schematic Member=RFID4
Removed Member From Class: ClassName=Schematic Member=SERVO1
Removed Member From Class: ClassName=Schematic Member=SERVO2
Added Component: Designator=RFID 1.1(Medium - Header 3)
Added Component: Designator=RFID 1.2(Medium - Header 4)
Added Component: Designator=RFID 2.1(Medium - Header 3)
Added Component: Designator=RFID 2.2(Medium - Header 4)
Added Component: Designator=SENSOR1(HED3)
Added Component: Designator=SERVO IN(Medium - Header 3)
Added Component: Designator=SERVO OUT(Medium - Header 3)
Added Pin To Net: NetName=NetP2_2 Pin=RFID 1.1-1
Added Pin To Net: NetName=NetP3_5 Pin=RFID 1.1-2
Added Pin To Net: NetName=GND Pin=RFID 1.1-3
Added Pin To Net: NetName=NetP3_13 Pin=RFID 1.2-1
Added Pin To Net: NetName=NetP3_12 Pin=RFID 1.2-2
Added Pin To Net: NetName=NetP3_11 Pin=RFID 1.2-3
Added Pin To Net: NetName=NetP3_10 Pin=RFID 1.2-4
Added Pin To Net: NetName=NetP2_2 Pin=RFID 2.1-1
Added Pin To Net: NetName=NetP3_5 Pin=RFID 2.1-2
Added Pin To Net: NetName=GND Pin=RFID 2.1-3
Added Pin To Net: NetName=NetP2_15 Pin=RFID 2.2-1
Added Pin To Net: NetName=NetP2_14 Pin=RFID 2.2-2
Added Pin To Net: NetName=NetP2_16 Pin=RFID 2.2-3
Added Pin To Net: NetName=NetP2_17 Pin=RFID 2.2-4
Added Pin To Net: NetName=5V Pin=SENSOR1-1
Added Pin To Net: NetName=GND Pin=SENSOR1-2
Added Pin To Net: NetName=NetP3_16 Pin=SENSOR1-3
Added Pin To Net: NetName=GND Pin=SERVO IN-1
Added Pin To Net: NetName=5V Pin=SERVO IN-2
Added Pin To Net: NetName=NetP3_6 Pin=SERVO IN-3
Added Pin To Net: NetName=GND Pin=SERVO OUT-1
Added Pin To Net: NetName=5V Pin=SERVO OUT-2
Added Pin To Net: NetName=NetP2_13 Pin=SERVO OUT-3
Added Member To Class: ClassName=Schematic Member=Component RFID 1.1 Header 3 - M
Added Member To Class: ClassName=Schematic Member=Component RFID 1.2 Header 4 - M
Added Member To Class: ClassName=Schematic Member=Component RFID 2.1 Header 3 - M
Added Member To Class: ClassName=Schematic Member=Component RFID 2.2 Header 4 - M
Added Member To Class: ClassName=Schematic Member=Component SENSOR1 Header 3
Added Member To Class: ClassName=Schematic Member=Component SERVO IN Header 3 - M
Added Member To Class: ClassName=Schematic Member=Component SERVO OUT Header 3 - M
Added Room: Name=Schematic
